<?xml version="1.0" encoding="UTF-8"?>
<!-- Generated by org.testng.reporters.JUnitReportReporter -->
<testsuite hostname="DESKTOP-9JCE1NT" failures="0" tests="2" name="TestScenario.TestCases" time="16.748" errors="0" timestamp="2023-06-24T10:08:30 EEST" skipped="0">
  <testcase classname="TestScenario.TestCases" name="A_test" time="11.537"/>
  <system-out/>
  <testcase classname="TestScenario.TestCases" name="B_tetst" time="5.211"/>
  <system-out/>
</testsuite> <!-- TestScenario.TestCases -->
